\BOOKMARK [0][-]{chapter.1}{\376\377\006\105\006\102\006\057\006\105\006\107}{}% 1
\BOOKMARK [1][-]{section.1.1}{\376\377\000\040\006\176\006\314\006\064\000\040\006\062\006\105\006\314\006\106\006\107}{chapter.1}% 2
\BOOKMARK [2][-]{subsection.1.1.1}{\376\377\006\251\006\064\006\101\000\040\006\042\006\106\006\062\006\314\006\105\000\040\006\107\006\047\000\040\006\047\006\062\000\040\006\105\006\052\006\047\006\230\006\106\006\110\006\105\000\040\006\107\006\047}{section.1.1}% 3
\BOOKMARK [2][-]{subsection.1.1.2}{\376\377\006\047\006\107\006\105\006\314\006\052\000\040\006\062\006\047\006\314\006\104\006\047\006\106\006\047\006\062\006\107\006\047\006\314\000\040\006\105\006\314\006\251\006\061\006\110\006\050\006\314}{section.1.1}% 4
\BOOKMARK [2][-]{subsection.1.1.3}{\376\377\006\206\006\061\006\047\000\040\006\105\006\052\006\047\006\230\006\106\006\110\006\105\000\040\006\064\006\251\006\105\006\050\006\107\006\037}{section.1.1}% 5
\BOOKMARK [1][-]{section.1.2}{\376\377\006\047\006\107\006\057\006\047\006\101}{chapter.1}% 6
\BOOKMARK [1][-]{section.1.3}{\376\377\006\105\006\106\006\047\006\050\006\071\000\040\006\057\006\047\006\057\006\107}{chapter.1}% 7
\BOOKMARK [1][-]{section.1.4}{\376\377\006\061\006\110\006\064\000\040\006\107\006\047}{chapter.1}% 8
\BOOKMARK [0][-]{chapter.2}{\376\377\006\257\006\047\006\105\000\040\0001\000:\000\040\006\064\006\106\006\047\006\063\006\047\006\314\006\314\000\040\006\052\006\110\006\047\006\104\006\314\000\040\006\107\006\047\006\314\000\040\006\050\006\047\006\104\006\102\006\110\006\107\000\040\006\062\006\047\006\314\006\104\006\047\006\106\006\047\006\062}{}% 9
\BOOKMARK [1][-]{section.2.1}{\376\377\006\057\006\063\006\052\006\110\006\061\006\047\006\052\000\040\006\052\006\061\006\105\006\314\006\106\006\047\006\104\000\040\006\050\006\061\006\047\006\314\000\040\006\064\006\106\006\047\006\063\006\047\006\314\006\314\000\040\006\052\006\110\006\047\006\104\006\314}{chapter.2}% 10
\BOOKMARK [2][-]{subsection.2.1.1}{\376\377\006\052\006\054\006\062\006\314\006\107\000\040\006\110\000\040\006\052\006\055\006\104\006\314\006\104\000\040\006\106\006\052\006\047\006\314\006\054\000\040\006\110\000\040\006\106\006\105\006\110\006\057\006\047\006\061\000\040\006\107\006\047\006\314\000\040\000B\000L\000A\000S\000T}{section.2.1}% 11
\BOOKMARK [0][-]{chapter.3}{\376\377\006\257\006\047\006\105\000\040\006\362\000:\000\040\006\056\006\110\006\064\006\107\000\040\006\050\006\106\006\057\006\314\000\040\006\110\000\040\006\047\006\106\006\052\006\056\006\047\006\050\000\040\006\052\006\110\006\047\006\104\006\314\000\040\006\106\006\105\006\047\006\314\006\106\006\057\006\107}{}% 12
\BOOKMARK [1][-]{section.3.1}{\376\377\006\057\006\063\006\052\006\110\006\061\006\047\006\052\000\040\006\052\006\061\006\105\006\314\006\106\006\047\006\104\000\040\006\050\006\061\006\047\006\314\000\040\006\056\006\110\006\064\006\107\000\040\006\050\006\106\006\057\006\314\000\040\006\050\006\047\000\040\000C\000D\000-\000H\000I\000T}{chapter.3}% 13
\BOOKMARK [0][-]{chapter.4}{\376\377\006\257\006\047\006\105\000\040\0003\000:\000\040\006\105\006\057\006\104\040\014\006\063\006\047\006\062\006\314\000\040\006\106\006\047\006\055\006\314\006\107\000\040\006\055\006\101\006\047\006\067\006\052\000\040\006\064\006\057\006\107\000\040\006\110\000\040\006\101\006\314\006\104\006\052\006\061\000\040\006\251\006\061\006\057\006\106\000\040\006\052\006\110\006\047\006\104\006\314\040\014\006\107\006\047\000\040}{}% 14
\BOOKMARK [1][-]{section.4.1}{\376\377\006\057\006\314\006\057\006\257\006\047\006\107\000\040\006\251\006\104\006\314}{chapter.4}% 15
\BOOKMARK [1][-]{section.4.2}{\376\377\006\062\006\105\006\314\006\106\006\107\000\040\006\071\006\104\006\105\006\314\000:\000\040\006\057\006\047\006\105\006\106\006\107\000\040\006\107\006\047\006\314\000\040\006\055\006\101\006\047\006\070\006\052\000\040\006\064\006\057\006\107\000\040\006\110\000\040\006\106\006\102\006\064\000\040\006\042\006\106\006\107\006\047\000\040\006\057\006\061\000\040\006\071\006\105\006\104\006\251\006\061\006\057\000\040\006\062\006\047\006\314\006\104\006\047\006\106\006\047\006\062}{chapter.4}% 16
\BOOKMARK [1][-]{section.4.3}{\376\377\000M\000u\000l\000t\000i\000p\000l\000e\000\040\000S\000e\000q\000u\000e\000n\000c\000e\000\040\000A\000l\000i\000g\000n\000m\000e\000n\000t\000\040\000\050\000M\000S\000A\000\051\000\040\000U\000s\000i\000n\000g\000\040\000C\000l\000u\000s\000t\000a\000l\000\040\000O\000m\000e\000g\000a}{chapter.4}% 17
\BOOKMARK [2][-]{subsection.4.3.1}{\376\377\006\107\006\057\006\101\000\040\000M\000S\000A}{section.4.3}% 18
\BOOKMARK [1][-]{section.4.4}{\376\377\006\047\006\314\006\054\006\047\006\057\000\040\006\314\006\251\000\040\006\176\006\047\006\314\006\257\006\047\006\107\000\040\006\057\006\047\006\057\006\107\000\040\000B\000L\000A\000S\000T\000\040\006\050\006\061\006\047\006\314\000\040\006\054\006\063\006\052\006\054\006\110\006\314\000\040\006\105\006\106\006\067\006\102\006\107\000\040\006\055\006\101\006\047\006\070\006\052\000\040\006\064\006\057\006\107}{chapter.4}% 19
\BOOKMARK [1][-]{section.4.5}{\376\377\006\105\006\047\006\052\006\061\006\314\006\063\000\040\000P\000S\000S\000M\000\040\000\050\000P\000o\000s\000i\000t\000i\000o\000n\000-\000S\000p\000e\000c\000i\000f\000i\000c\000\040\000S\000c\000o\000r\000i\000n\000g\000\040\000M\000a\000t\000r\000i\000x\000\051}{chapter.4}% 20
\BOOKMARK [1][-]{section.4.6}{\376\377\006\105\006\057\006\104\000\040\006\176\006\106\006\107\006\047\006\106\000\040\006\105\006\047\006\061\006\251\006\110\006\101\000\040\000\050\000H\000M\000M\000\051}{chapter.4}% 21
\BOOKMARK [1][-]{section.4.7}{\376\377\006\101\006\314\006\104\006\052\006\061\000\040\006\251\006\061\006\057\006\106\000\040\006\052\006\110\006\047\006\104\006\314\000\040\006\050\006\061\000\040\006\047\006\063\006\047\006\063\000\040\006\047\006\105\006\052\006\314\006\047\006\062\006\047\006\052\000\040\006\055\006\101\006\047\006\070\006\052\006\314}{chapter.4}% 22
