This is XeTeX, Version 3.141592653-2.6-0.999993 (TeX Live 2022/dev/Debian) (preloaded format=xelatex 2024.3.19)  8 FEB 2025 22:39
entering extended mode
 restricted \write18 enabled.
 file:line:error style messages enabled.
 %&-line parsing enabled.
**/home/amir/Documents/university/Semester9/bioinformatics/project2/report/report.tex
(/home/amir/Documents/university/Semester9/bioinformatics/project2/report/report.tex
LaTeX2e <2021-11-15> patch level 1
L3 programming layer <2022-01-21> (/usr/share/texlive/texmf-dist/tex/latex/base/report.cls
Document Class: report 2021/10/04 v1.4n Standard LaTeX document class
(/usr/share/texlive/texmf-dist/tex/latex/base/size11.clo
File: size11.clo 2021/10/04 v1.4n Standard LaTeX file (size option)
)
\c@part=\count181
\c@chapter=\count182
\c@section=\count183
\c@subsection=\count184
\c@subsubsection=\count185
\c@paragraph=\count186
\c@subparagraph=\count187
\c@figure=\count188
\c@table=\count189
\abovecaptionskip=\skip47
\belowcaptionskip=\skip48
\bibindent=\dimen138
) (/usr/share/texlive/texmf-dist/tex/latex/geometry/geometry.sty
Package: geometry 2020/01/02 v5.9 Page Geometry
 (/usr/share/texlive/texmf-dist/tex/latex/graphics/keyval.sty
Package: keyval 2014/10/28 v1.15 key=value parser (DPC)
\KV@toks@=\toks16
) (/usr/share/texlive/texmf-dist/tex/generic/iftex/ifvtex.sty
Package: ifvtex 2019/10/25 v1.7 ifvtex legacy package. Use iftex instead.
 (/usr/share/texlive/texmf-dist/tex/generic/iftex/iftex.sty
Package: iftex 2020/03/06 v1.0d TeX engine tests
))
\Gm@cnth=\count190
\Gm@cntv=\count191
\c@Gm@tempcnt=\count192
\Gm@bindingoffset=\dimen139
\Gm@wd@mp=\dimen140
\Gm@odd@mp=\dimen141
\Gm@even@mp=\dimen142
\Gm@layoutwidth=\dimen143
\Gm@layoutheight=\dimen144
\Gm@layouthoffset=\dimen145
\Gm@layoutvoffset=\dimen146
\Gm@dimlist=\toks17
) (/usr/share/texlive/texmf-dist/tex/latex/base/inputenc.sty
Package: inputenc 2021/02/14 v1.3d Input encoding file
\inpenc@prehook=\toks18
\inpenc@posthook=\toks19


Package inputenc Warning: inputenc package ignored with utf8 based engines.

) (/usr/share/texlive/texmf-dist/tex/latex/base/fontenc.sty
Package: fontenc 2021/04/29 v2.0v Standard LaTeX package
LaTeX Font Info:    Trying to load font information for T1+lmr on input line 112.
 (/usr/share/texmf/tex/latex/lm/t1lmr.fd
File: t1lmr.fd 2009/10/30 v1.6 Font defs for Latin Modern
)) (/usr/share/texlive/texmf-dist/tex/latex/amsmath/amsmath.sty
Package: amsmath 2021/10/15 v2.17l AMS math features
\@mathmargin=\skip49

For additional information on amsmath, use the `?' option.
(/usr/share/texlive/texmf-dist/tex/latex/amsmath/amstext.sty
Package: amstext 2021/08/26 v2.01 AMS text
 (/usr/share/texlive/texmf-dist/tex/latex/amsmath/amsgen.sty
File: amsgen.sty 1999/11/30 v2.0 generic functions
\@emptytoks=\toks20
\ex@=\dimen147
)) (/usr/share/texlive/texmf-dist/tex/latex/amsmath/amsbsy.sty
Package: amsbsy 1999/11/29 v1.2d Bold Symbols
\pmbraise@=\dimen148
) (/usr/share/texlive/texmf-dist/tex/latex/amsmath/amsopn.sty
Package: amsopn 2021/08/26 v2.02 operator names
)
\inf@bad=\count193
LaTeX Info: Redefining \frac on input line 234.
\uproot@=\count194
\leftroot@=\count195
LaTeX Info: Redefining \overline on input line 399.
\classnum@=\count196
\DOTSCASE@=\count197
LaTeX Info: Redefining \ldots on input line 496.
LaTeX Info: Redefining \dots on input line 499.
LaTeX Info: Redefining \cdots on input line 620.
\Mathstrutbox@=\box50
\strutbox@=\box51
\big@size=\dimen149
LaTeX Font Info:    Redeclaring font encoding OML on input line 743.
LaTeX Font Info:    Redeclaring font encoding OMS on input line 744.
\macc@depth=\count198
\c@MaxMatrixCols=\count199
\dotsspace@=\muskip16
\c@parentequation=\count266
\dspbrk@lvl=\count267
\tag@help=\toks21
\row@=\count268
\column@=\count269
\maxfields@=\count270
\andhelp@=\toks22
\eqnshift@=\dimen150
\alignsep@=\dimen151
\tagshift@=\dimen152
\tagwidth@=\dimen153
\totwidth@=\dimen154
\lineht@=\dimen155
\@envbody=\toks23
\multlinegap=\skip50
\multlinetaggap=\skip51
\mathdisplay@stack=\toks24
LaTeX Info: Redefining \[ on input line 2938.
LaTeX Info: Redefining \] on input line 2939.
) (/usr/share/texlive/texmf-dist/tex/latex/amsfonts/amssymb.sty
Package: amssymb 2013/01/14 v3.01 AMS font symbols
 (/usr/share/texlive/texmf-dist/tex/latex/amsfonts/amsfonts.sty
Package: amsfonts 2013/01/14 v3.01 Basic AMSFonts support
\symAMSa=\mathgroup4
\symAMSb=\mathgroup5
LaTeX Font Info:    Redeclaring math symbol \hbar on input line 98.
LaTeX Font Info:    Overwriting math alphabet `\mathfrak' in version `bold'
(Font)                  U/euf/m/n --> U/euf/b/n on input line 106.
)) (/usr/share/texlive/texmf-dist/tex/latex/amscls/amsthm.sty
Package: amsthm 2020/05/29 v2.20.6
\thm@style=\toks25
\thm@bodyfont=\toks26
\thm@headfont=\toks27
\thm@notefont=\toks28
\thm@headpunct=\toks29
\thm@preskip=\skip52
\thm@postskip=\skip53
\thm@headsep=\skip54
\dth@everypar=\toks30
) (/usr/share/texlive/texmf-dist/tex/latex/enumitem/enumitem.sty
Package: enumitem 2019/06/20 v3.9 Customized lists
\labelindent=\skip55
\enit@outerparindent=\dimen156
\enit@toks=\toks31
\enit@inbox=\box52
\enit@count@id=\count271
\enitdp@description=\count272
) (/usr/share/texlive/texmf-dist/tex/latex/hyperref/hyperref.sty
Package: hyperref 2021-06-07 v7.00m Hypertext links for LaTeX
 (/usr/share/texlive/texmf-dist/tex/generic/ltxcmds/ltxcmds.sty
Package: ltxcmds 2020-05-10 v1.25 LaTeX kernel commands for general use (HO)
) (/usr/share/texlive/texmf-dist/tex/generic/pdftexcmds/pdftexcmds.sty
Package: pdftexcmds 2020-06-27 v0.33 Utility functions of pdfTeX for LuaTeX (HO)
 (/usr/share/texlive/texmf-dist/tex/generic/infwarerr/infwarerr.sty
Package: infwarerr 2019/12/03 v1.5 Providing info/warning/error messages (HO)
)
Package pdftexcmds Info: \pdf@primitive is available.
Package pdftexcmds Info: \pdf@ifprimitive is available.
Package pdftexcmds Info: \pdfdraftmode not found.
) (/usr/share/texlive/texmf-dist/tex/generic/kvsetkeys/kvsetkeys.sty
Package: kvsetkeys 2019/12/15 v1.18 Key value parser (HO)
) (/usr/share/texlive/texmf-dist/tex/generic/kvdefinekeys/kvdefinekeys.sty
Package: kvdefinekeys 2019-12-19 v1.6 Define keys (HO)
) (/usr/share/texlive/texmf-dist/tex/generic/pdfescape/pdfescape.sty
Package: pdfescape 2019/12/09 v1.15 Implements pdfTeX's escape features (HO)
) (/usr/share/texlive/texmf-dist/tex/latex/hycolor/hycolor.sty
Package: hycolor 2020-01-27 v1.10 Color options for hyperref/bookmark (HO)
) (/usr/share/texlive/texmf-dist/tex/latex/letltxmacro/letltxmacro.sty
Package: letltxmacro 2019/12/03 v1.6 Let assignment for LaTeX macros (HO)
) (/usr/share/texlive/texmf-dist/tex/latex/auxhook/auxhook.sty
Package: auxhook 2019-12-17 v1.6 Hooks for auxiliary files (HO)
) (/usr/share/texlive/texmf-dist/tex/latex/kvoptions/kvoptions.sty
Package: kvoptions 2020-10-07 v3.14 Key value format for package options (HO)
)
\@linkdim=\dimen157
\Hy@linkcounter=\count273
\Hy@pagecounter=\count274
 (/usr/share/texlive/texmf-dist/tex/latex/hyperref/pd1enc.def
File: pd1enc.def 2021-06-07 v7.00m Hyperref: PDFDocEncoding definition (HO)
) (/usr/share/texlive/texmf-dist/tex/latex/hyperref/hyperref-langpatches.def
File: hyperref-langpatches.def 2021-06-07 v7.00m Hyperref: patches for babel languages
) (/usr/share/texlive/texmf-dist/tex/generic/intcalc/intcalc.sty
Package: intcalc 2019/12/15 v1.3 Expandable calculations with integers (HO)
) (/usr/share/texlive/texmf-dist/tex/generic/etexcmds/etexcmds.sty
Package: etexcmds 2019/12/15 v1.7 Avoid name clashes with e-TeX commands (HO)
)
\Hy@SavedSpaceFactor=\count275
 (/usr/share/texlive/texmf-dist/tex/latex/hyperref/puenc.def
File: puenc.def 2021-06-07 v7.00m Hyperref: PDF Unicode definition (HO)
)
Package hyperref Info: Hyper figures OFF on input line 4192.
Package hyperref Info: Link nesting OFF on input line 4197.
Package hyperref Info: Hyper index ON on input line 4200.
Package hyperref Info: Plain pages OFF on input line 4207.
Package hyperref Info: Backreferencing OFF on input line 4212.
Package hyperref Info: Implicit mode ON; LaTeX internals redefined.
Package hyperref Info: Bookmarks ON on input line 4445.
\c@Hy@tempcnt=\count276
 (/usr/share/texlive/texmf-dist/tex/latex/url/url.sty
\Urlmuskip=\muskip17
Package: url 2013/09/16  ver 3.4  Verb mode for urls, etc.
)
LaTeX Info: Redefining \url on input line 4804.
\XeTeXLinkMargin=\dimen158
 (/usr/share/texlive/texmf-dist/tex/generic/bitset/bitset.sty
Package: bitset 2019/12/09 v1.3 Handle bit-vector datatype (HO)
 (/usr/share/texlive/texmf-dist/tex/generic/bigintcalc/bigintcalc.sty
Package: bigintcalc 2019/12/15 v1.5 Expandable calculations on big integers (HO)
))
\Fld@menulength=\count277
\Field@Width=\dimen159
\Fld@charsize=\dimen160
Package hyperref Info: Hyper figures OFF on input line 6076.
Package hyperref Info: Link nesting OFF on input line 6081.
Package hyperref Info: Hyper index ON on input line 6084.
Package hyperref Info: backreferencing OFF on input line 6091.
Package hyperref Info: Link coloring OFF on input line 6096.
Package hyperref Info: Link coloring with OCG OFF on input line 6101.
Package hyperref Info: PDF/A mode OFF on input line 6106.
LaTeX Info: Redefining \ref on input line 6146.
LaTeX Info: Redefining \pageref on input line 6150.
 (/usr/share/texlive/texmf-dist/tex/latex/base/atbegshi-ltx.sty
Package: atbegshi-ltx 2021/01/10 v1.0c Emulation of the original atbegshi
package with kernel methods
)
\Hy@abspage=\count278
\c@Item=\count279
\c@Hfootnote=\count280
)
Package hyperref Info: Driver (autodetected): hxetex.
 (/usr/share/texlive/texmf-dist/tex/latex/hyperref/hxetex.def
File: hxetex.def 2021-06-07 v7.00m Hyperref driver for XeTeX
 (/usr/share/texlive/texmf-dist/tex/generic/stringenc/stringenc.sty
Package: stringenc 2019/11/29 v1.12 Convert strings between diff. encodings (HO)
)
\pdfm@box=\box53
\c@Hy@AnnotLevel=\count281
\HyField@AnnotCount=\count282
\Fld@listcount=\count283
\c@bookmark@seq@number=\count284
 (/usr/share/texlive/texmf-dist/tex/latex/rerunfilecheck/rerunfilecheck.sty
Package: rerunfilecheck 2019/12/05 v1.9 Rerun checks for auxiliary files (HO)
 (/usr/share/texlive/texmf-dist/tex/latex/base/atveryend-ltx.sty
Package: atveryend-ltx 2020/08/19 v1.0a Emulation of the original atveryend package
with kernel methods
) (/usr/share/texlive/texmf-dist/tex/generic/uniquecounter/uniquecounter.sty
Package: uniquecounter 2019/12/15 v1.4 Provide unlimited unique counter (HO)
)
Package uniquecounter Info: New unique counter `rerunfilecheck' on input line 286.
)
\Hy@SectionHShift=\skip56
) (/usr/share/texlive/texmf-dist/tex/latex/graphics/graphicx.sty
Package: graphicx 2021/09/16 v1.2d Enhanced LaTeX Graphics (DPC,SPQR)
 (/usr/share/texlive/texmf-dist/tex/latex/graphics/graphics.sty
Package: graphics 2021/03/04 v1.4d Standard LaTeX Graphics (DPC,SPQR)
 (/usr/share/texlive/texmf-dist/tex/latex/graphics/trig.sty
Package: trig 2021/08/11 v1.11 sin cos tan (DPC)
) (/usr/share/texlive/texmf-dist/tex/latex/graphics-cfg/graphics.cfg
File: graphics.cfg 2016/06/04 v1.11 sample graphics configuration
)
Package graphics Info: Driver file: xetex.def on input line 107.
 (/usr/share/texlive/texmf-dist/tex/latex/graphics-def/xetex.def
File: xetex.def 2021/03/18 v5.0k Graphics/color driver for xetex
))
\Gin@req@height=\dimen161
\Gin@req@width=\dimen162
) (/usr/share/texlive/texmf-dist/tex/latex/caption/caption.sty
Package: caption 2020/10/26 v3.5g Customizing captions (AR)
 (/usr/share/texlive/texmf-dist/tex/latex/caption/caption3.sty
Package: caption3 2020/10/21 v2.2e caption3 kernel (AR)
\captionmargin=\dimen163
\captionmargin@=\dimen164
\captionwidth=\dimen165
\caption@tempdima=\dimen166
\caption@indent=\dimen167
\caption@parindent=\dimen168
\caption@hangindent=\dimen169
Package caption Info: Standard document class detected.
)
\c@caption@flags=\count285
\c@continuedfloat=\count286
Package caption Info: hyperref package is loaded.
) (/usr/share/texlive/texmf-dist/tex/latex/fancyhdr/fancyhdr.sty
Package: fancyhdr 2021/01/28 v4.0.1 Extensive control of page headers and footers
\f@nch@headwidth=\skip57
\f@nch@O@elh=\skip58
\f@nch@O@erh=\skip59
\f@nch@O@olh=\skip60
\f@nch@O@orh=\skip61
\f@nch@O@elf=\skip62
\f@nch@O@erf=\skip63
\f@nch@O@olf=\skip64
\f@nch@O@orf=\skip65
) (/usr/share/texlive/texmf-dist/tex/latex/adjustbox/adjustbox.sty
Package: adjustbox 2020/08/19 v1.3 Adjusting TeX boxes (trim, clip, ...)
 (/usr/share/texlive/texmf-dist/tex/latex/xkeyval/xkeyval.sty
Package: xkeyval 2020/11/20 v2.8 package option processing (HA)
 (/usr/share/texlive/texmf-dist/tex/generic/xkeyval/xkeyval.tex (/usr/share/texlive/texmf-dist/tex/generic/xkeyval/xkvutils.tex
\XKV@toks=\toks32
\XKV@tempa@toks=\toks33
)
\XKV@depth=\count287
File: xkeyval.tex 2014/12/03 v2.7a key=value parser (HA)
)) (/usr/share/texlive/texmf-dist/tex/latex/adjustbox/adjcalc.sty
Package: adjcalc 2012/05/16 v1.1 Provides advanced setlength with multiple back-ends (calc, etex, pgfmath)
) (/usr/share/texlive/texmf-dist/tex/latex/adjustbox/trimclip.sty
Package: trimclip 2020/08/19 v1.2 Trim and clip general TeX material
 (/usr/share/texlive/texmf-dist/tex/latex/collectbox/collectbox.sty
Package: collectbox 2012/05/17 v0.4b Collect macro arguments as boxes
\collectedbox=\box54
)
\tc@llx=\dimen170
\tc@lly=\dimen171
\tc@urx=\dimen172
\tc@ury=\dimen173
Package trimclip Info: Using driver 'tc-xetex.def'.
 (/usr/share/texlive/texmf-dist/tex/latex/adjustbox/tc-xetex.def
File: tc-xetex.def 2019/01/04 v2.2 Clipping driver for xetex
))
\adjbox@Width=\dimen174
\adjbox@Height=\dimen175
\adjbox@Depth=\dimen176
\adjbox@Totalheight=\dimen177
\adjbox@pwidth=\dimen178
\adjbox@pheight=\dimen179
\adjbox@pdepth=\dimen180
\adjbox@ptotalheight=\dimen181
 (/usr/share/texlive/texmf-dist/tex/latex/ifoddpage/ifoddpage.sty
Package: ifoddpage 2016/04/23 v1.1 Conditionals for odd/even page detection
\c@checkoddpage=\count288
) (/usr/share/texlive/texmf-dist/tex/latex/varwidth/varwidth.sty
Package: varwidth 2009/03/30 ver 0.92;  Variable-width minipages
\@vwid@box=\box55
\sift@deathcycles=\count289
\@vwid@loff=\dimen182
\@vwid@roff=\dimen183
)) (/usr/share/texlive/texmf-dist/tex/latex/caption/subcaption.sty
Package: subcaption 2020/10/07 v1.3j Sub-captions (AR)
\c@subfigure=\count290
\c@subtable=\count291
) (/usr/share/texlive/texmf-dist/tex/latex/tools/multicol.sty
Package: multicol 2021/10/28 v1.9b multicolumn formatting (FMi)
\c@tracingmulticols=\count292
\mult@box=\box56
\multicol@leftmargin=\dimen184
\c@unbalance=\count293
\c@collectmore=\count294
\doublecol@number=\count295
\multicoltolerance=\count296
\multicolpretolerance=\count297
\full@width=\dimen185
\page@free=\dimen186
\premulticols=\dimen187
\postmulticols=\dimen188
\multicolsep=\skip66
\multicolbaselineskip=\skip67
\partial@page=\box57
\last@line=\box58
\maxbalancingoverflow=\dimen189
\mult@rightbox=\box59
\mult@grightbox=\box60
\mult@firstbox=\box61
\mult@gfirstbox=\box62
\@tempa=\box63
\@tempa=\box64
\@tempa=\box65
\@tempa=\box66
\@tempa=\box67
\@tempa=\box68
\@tempa=\box69
\@tempa=\box70
\@tempa=\box71
\@tempa=\box72
\@tempa=\box73
\@tempa=\box74
\@tempa=\box75
\@tempa=\box76
\@tempa=\box77
\@tempa=\box78
\@tempa=\box79
\@tempa=\box80
\@tempa=\box81
\@tempa=\box82
\@tempa=\box83
\@tempa=\box84
\@tempa=\box85
\@tempa=\box86
\@tempa=\box87
\@tempa=\box88
\@tempa=\box89
\@tempa=\box90
\@tempa=\box91
\@tempa=\box92
\@tempa=\box93
\@tempa=\box94
\@tempa=\box95
\@tempa=\box96
\@tempa=\box97
\@tempa=\box98
\c@minrows=\count298
\c@columnbadness=\count299
\c@finalcolumnbadness=\count300
\last@try=\dimen190
\multicolovershoot=\dimen191
\multicolundershoot=\dimen192
\mult@nat@firstbox=\box99
\colbreak@box=\box100
\mc@col@check@num=\count301
) (/usr/share/texlive/texmf-dist/tex/latex/float/float.sty
Package: float 2001/11/08 v1.3d Float enhancements (AL)
\c@float@type=\count302
\float@exts=\toks34
\float@box=\box101
\@float@everytoks=\toks35
\@floatcapt=\box102
) (/usr/share/texlive/texmf-dist/tex/latex/listings/listings.sty
\lst@mode=\count303
\lst@gtempboxa=\box103
\lst@token=\toks36
\lst@length=\count304
\lst@currlwidth=\dimen193
\lst@column=\count305
\lst@pos=\count306
\lst@lostspace=\dimen194
\lst@width=\dimen195
\lst@newlines=\count307
\lst@lineno=\count308
\lst@maxwidth=\dimen196
 (/usr/share/texlive/texmf-dist/tex/latex/listings/lstmisc.sty
File: lstmisc.sty 2020/03/24 1.8d (Carsten Heinz)
\c@lstnumber=\count309
\lst@skipnumbers=\count310
\lst@framebox=\box104
) (/usr/share/texlive/texmf-dist/tex/latex/listings/listings.cfg
File: listings.cfg 2020/03/24 1.8d listings configuration
))
Package: listings 2020/03/24 1.8d (Carsten Heinz)
 (/usr/share/texlive/texmf-dist/tex/generic/dirtree/dirtree.sty
Package: dirtree 2012/12/11 v0.32 package wrapper for dirtree
 (/usr/share/texlive/texmf-dist/tex/generic/dirtree/dirtree.tex `dirtree' v0.32, 2012/12/11 (jcc)
\DT@offset=\dimen197
\DT@width=\dimen198
\DT@sep=\dimen199
\DT@all=\dimen256
\DT@rulewidth=\dimen257
\DT@dotwidth=\dimen258
\DTbaselineskip=\dimen259
\DT@counti=\count311
\DT@countii=\count312
\DT@countiii=\count313
\DT@countiv=\count314
\DT@indent=\dimen260
\DT@parskip=\dimen261
\DT@baselineskip=\dimen262
)
File: dirtree.tex 2012/12/11 v0.32 `dirtree' (jcc)
) (/usr/share/texlive/texmf-dist/tex/latex/booktabs/booktabs.sty
Package: booktabs 2020/01/12 v1.61803398 Publication quality tables
\heavyrulewidth=\dimen263
\lightrulewidth=\dimen264
\cmidrulewidth=\dimen265
\belowrulesep=\dimen266
\belowbottomsep=\dimen267
\aboverulesep=\dimen268
\abovetopsep=\dimen269
\cmidrulesep=\dimen270
\cmidrulekern=\dimen271
\defaultaddspace=\dimen272
\@cmidla=\count315
\@cmidlb=\count316
\@aboverulesep=\dimen273
\@belowrulesep=\dimen274
\@thisruleclass=\count317
\@lastruleclass=\count318
\@thisrulewidth=\dimen275
) (/usr/share/texlive/texmf-dist/tex/xelatex/xepersian/xepersian.sty
Package: xepersian 2022/02/01 v23.2 Persian typesetting in XeLaTeX
 (/usr/share/texlive/texmf-dist/tex/latex/fontspec/fontspec.sty (/usr/share/texlive/texmf-dist/tex/latex/l3packages/xparse/xparse.sty (/usr/share/texlive/texmf-dist/tex/latex/l3kernel/expl3.sty
Package: expl3 2022-01-21 L3 programming layer (loader) 
 (/usr/share/texlive/texmf-dist/tex/latex/l3backend/l3backend-xetex.def
File: l3backend-xetex.def 2022-01-12 L3 backend support: XeTeX
 (|extractbb --version)
\c__kernel_sys_dvipdfmx_version_int=\count319
\l__color_backend_stack_int=\count320
\g__color_backend_stack_int=\count321
\g__graphics_track_int=\count322
\l__pdf_internal_box=\box105
\g__pdf_backend_object_int=\count323
\g__pdf_backend_annotation_int=\count324
\g__pdf_backend_link_int=\count325
))
Package: xparse 2022-01-12 L3 Experimental document command parser
)
Package: fontspec 2022/01/15 v2.8a Font selection for XeLaTeX and LuaLaTeX
 (/usr/share/texlive/texmf-dist/tex/latex/fontspec/fontspec-xetex.sty
Package: fontspec-xetex 2022/01/15 v2.8a Font selection for XeLaTeX and LuaLaTeX
\l__fontspec_script_int=\count326
\l__fontspec_language_int=\count327
\l__fontspec_strnum_int=\count328
\l__fontspec_tmp_int=\count329
\l__fontspec_tmpa_int=\count330
\l__fontspec_tmpb_int=\count331
\l__fontspec_tmpc_int=\count332
\l__fontspec_em_int=\count333
\l__fontspec_emdef_int=\count334
\l__fontspec_strong_int=\count335
\l__fontspec_strongdef_int=\count336
\l__fontspec_tmpa_dim=\dimen276
\l__fontspec_tmpb_dim=\dimen277
\l__fontspec_tmpc_dim=\dimen278
 (/usr/share/texlive/texmf-dist/tex/latex/base/fontenc.sty
Package: fontenc 2021/04/29 v2.0v Standard LaTeX package
) (/usr/share/texlive/texmf-dist/tex/latex/fontspec/fontspec.cfg))) (/usr/share/texlive/texmf-dist/tex/xelatex/xepersian/xepersian-persiancal.sty
Package: xepersian-persiancal 2012/07/25 v0.2 provides Persian calendar
\XePersian@i=\count337
\XePersian@y=\count338
\XePersian@m=\count339
\XePersian@d=\count340
\XePersian@latini=\count341
\XePersian@persiani=\count342
\XePersian@latinii=\count343
\XePersian@persianii=\count344
\XePersian@latiniii=\count345
\XePersian@persianiii=\count346
\XePersian@latiniv=\count347
\XePersian@persianiv=\count348
\XePersian@latinv=\count349
\XePersian@persianv=\count350
\XePersian@latinvi=\count351
\XePersian@persianvi=\count352
\XePersian@latinvii=\count353
\XePersian@persianvii=\count354
\XePersian@latinviii=\count355
\XePersian@persianviii=\count356
\XePersian@latinix=\count357
\XePersian@persianix=\count358
\XePersian@latinx=\count359
\XePersian@persianx=\count360
\XePersian@latinxi=\count361
\XePersian@persianxi=\count362
\XePersian@latinxii=\count363
\XePersian@persianxii=\count364
\XePersian@persianxiii=\count365
\XePersian@temp=\count366
\XePersian@temptwo=\count367
\XePersian@tempthree=\count368
\XePersian@yModHundred=\count369
\XePersian@thirtytwo=\count370
\XePersian@dn=\count371
\XePersian@sn=\count372
\XePersian@mminusone=\count373
) (/usr/share/texlive/texmf-dist/tex/xelatex/xepersian/xepersian-mathsdigitspec.sty
Package: xepersian-mathsdigitspec 2022/02/01 v1.1.8 Unicode Persian maths digits in XeLaTeX
) (/usr/share/texlive/texmf-dist/tex/xelatex/bidi/bidi.sty
Package: bidi 2022/02/01 v36.4 Bidirectional typesetting in plain TeX and LaTeX

****************************************************
* 
* bidi package (Bidirectional typesetting in
* plain TeX and LaTeX, using XeTeX engine)
* 
* Description: A convenient interface for
* typesetting bidirectional texts in plain TeX
* and LaTeX. The package includes adaptations
* for use with many other commonly-used packages.
* 
* Copyright (c) 2007--2022 Vafa Khalighi
* Copyright (c) 2018--2020 bidi-tex GitHub organization
* 
* v36.4, 2022/02/01
* 
* License: LaTeX Project Public License, version
* 1.3c or higher (your choice)
* 
* Location on CTAN: /macros/xetex/latex/bidi
* 
* Issue tracker: https://github.com/tex-persian/bidi/issues
* 
* Support Email: tex-persian@vafa.ac
* 
* Primary author of bidi package: Vafa Khalighi.
* 
****************************************************
(/usr/share/texlive/texmf-dist/tex/xelatex/bidi/biditools.sty
Package: biditools 2022/02/01 v2.1 Programming tools for bidi package
\@bidi@envbody=\toks37
\@bidi@emptytoks=\toks38
\bidi@poscount=\count374
\bidi@tempcountb=\count375
\bidi@temptoksa=\toks39
\bidi@temptoksb=\toks40
\bidi@dummies=\count376
\bidi@are@these@correct=\toks41
\bidi@toks@lista=\toks42
\bidi@toks@listb=\toks43
\bidi@stack@length=\count377
\bidi@empty@stack=\toks44
\bidi@looprepeat@depth=\count378
)
==> First Aid for biditools.sty no longer applied!
    Expected:
        2020/05/13 v2 Programming tools for bidi package
    but found:
        2022/02/01 v2.1 Programming tools for bidi package
    so I'm assuming it got fixed.
(/usr/share/texlive/texmf-dist/tex/latex/zref/zref-abspage.sty
Package: zref-abspage 2020-07-03 v2.32 Module abspage for zref (HO)
 (/usr/share/texlive/texmf-dist/tex/latex/zref/zref-base.sty
Package: zref-base 2020-07-03 v2.32 Module base for zref (HO)
Package zref Info: New property list: main on input line 764.
Package zref Info: New property: default on input line 765.
Package zref Info: New property: page on input line 766.
)
\c@abspage=\count379
Package zref Info: New property: abspage on input line 66.
)
\@bidi@copyins@=\insert252
 (/usr/share/texlive/texmf-dist/tex/xelatex/bidi/latex-xetex-bidi.def
File: latex-xetex-bidi.def 2022/02/01 v1.3.8 bidi adaptations for `latex.ltx' for XeTeX engine
\bidi@n@everypar=\toks45
\bidi@column@check@number=\count380
 (/usr/share/texlive/texmf-dist/tex/xelatex/bidi/footnote-xetex-bidi.def
File: footnote-xetex-bidi.def 2017/08/09 v1.1 bidi footnote macros for XeTeX engine
\c@footdir@label=\count381
\footdir@toks=\toks46
) (/usr/share/texlive/texmf-dist/tex/xelatex/bidi/report-xetex-bidi.def
File: report-xetex-bidi.def 2017/06/09 v0.8 bidi adaptations for standard report class for XeTeX engine
) (/usr/share/texlive/texmf-dist/tex/xelatex/bidi/amsmath-xetex-bidi.def
File: amsmath-xetex-bidi.def 2020/05/16 v1.2 bidi adaptations for amsmath package for XeTeX engine
) (/usr/share/texlive/texmf-dist/tex/xelatex/bidi/amstext-xetex-bidi.def
File: amstext-xetex-bidi.def 2016/09/12 v0.2 bidi adaptations for amstext package for XeTeX engine
) (/usr/share/texlive/texmf-dist/tex/xelatex/bidi/amsthm-xetex-bidi.def
File: amsthm-xetex-bidi.def 2010/07/25 v0.1 bidi adaptations for amsthm package for XeTeX engine
) (/usr/share/texlive/texmf-dist/tex/xelatex/bidi/caption-xetex-bidi.def
File: caption-xetex-bidi.def 2010/07/25 v0.1 bidi adaptations for caption package for XeTeX engine
) (/usr/share/texlive/texmf-dist/tex/xelatex/bidi/caption3-xetex-bidi.def
File: caption3-xetex-bidi.def 2013/04/01 v0.1 bidi adaptations for caption3 package for XeTeX engine
) (/usr/share/texlive/texmf-dist/tex/xelatex/bidi/float-xetex-bidi.def
File: float-xetex-bidi.def 2013/04/04 v0.2 bidi adaptations for float package for XeTeX engine
) (/usr/share/texlive/texmf-dist/tex/xelatex/bidi/graphicx-xetex-bidi.def
File: graphicx-xetex-bidi.def 2017/06/17 v0.5 bidi adaptations for graphicx package for XeTeX engine
) (/usr/share/texlive/texmf-dist/tex/xelatex/bidi/geometry-xetex-bidi.def
File: geometry-xetex-bidi.def 2017/01/14 v0.2 bidi adaptations for geometry package for XeTeX engine
) (/usr/share/texlive/texmf-dist/tex/xelatex/bidi/hyperref-xetex-bidi.def
File: hyperref-xetex-bidi.def 2018/11/11 v1.1 bidi adaptations for hyperref package for XeTeX engine
) (/usr/share/texlive/texmf-dist/tex/xelatex/bidi/fancyhdr-xetex-bidi.def
File: fancyhdr-xetex-bidi.def 2018/02/15 v0.7 bidi adaptations for fancyhdr package for XeTeX engine
) (/usr/share/texlive/texmf-dist/tex/xelatex/bidi/listings-xetex-bidi.def
File: listings-xetex-bidi.def 2018/09/15 v1.5 bidi adaptations for listings package for XeTeX engine
) (/usr/share/texlive/texmf-dist/tex/xelatex/bidi/multicol-xetex-bidi.def
File: multicol-xetex-bidi.def 2022/02/01 v1.3 bidi adaptations for multicol package for XeTeX engine
) (/usr/share/texlive/texmf-dist/tex/xelatex/bidi/tc-xetex-bidi.def
File: tc-xetex-bidi.def 2014/07/08 v0.1 bidi adaptations for Clipping driver for XeTeX engine
)) (/usr/share/texlive/texmf-dist/tex/xelatex/bidi/loadingorder-xetex-bidi.def
File: loadingorder-xetex-bidi.def 2017/12/29 v0.97 making sure that bidi is the last package loaded
)
\bidi@digits=\count382
\bidi@digits@charclass=\XeTeXcharclass1
\bidi@sepmark@charclass=\XeTeXcharclass2
)
****************************************************
* 
* xepersian package (Persian for LaTeX, using XeTeX engine)
* 
* Description: The package supports Persian
* typesetting, using fonts provided in the
* distribution.
* 
* Copyright (c) 2008--2022 Vafa Khalighi
* Copyright (c) 2018--2020 bidi-tex GitHub Organization
* 
* v23.2, 2022/02/01
* 
* License: LaTeX Project Public License, version
* 1.3c or higher (your choice)
* 
* Location on CTAN: /macros/xetex/latex/xepersian
* 
* Issue tracker: https://github.com/tex-persian/xepersian/issues
* 
* Support Email: tex-persian@vafa.ac
* 
* Primary author of xepersian package: Vafa Khalighi.
* 
****************************************************
\xepersian@tcl=\count383
\xepersian@ilg=\dimen279
\xepersian@strutilg=\dimen280
(/usr/share/texlive/texmf-dist/tex/xelatex/xepersian/loadingorder-xepersian.def
File: loadingorder-xepersian.def 2018/09/29 v0.5 making sure that xepersian is the last package loaded
) (/usr/share/texlive/texmf-dist/tex/xelatex/xepersian/footnote-xepersian.def
File: footnote-xepersian.def 2017/08/09 v0.6 footnote macros for xepersian package
) (/usr/share/texlive/texmf-dist/tex/xelatex/xepersian/listings-xepersian.def
File: listings-xepersian.def 2014/07/17 v0.3 bilingual captions for listings package
) (/usr/share/texlive/texmf-dist/tex/xelatex/xepersian/enumitem-xepersian.def
File: enumitem-xepersian.def 2017/09/06 v0.1 adaptations for enumitem package
) (/usr/share/texlive/texmf-dist/tex/xelatex/xepersian/hyperref-xepersian.def
File: hyperref-xepersian.def 2015/02/02 v0.6 bilingual captions for hyperref package
) (/usr/share/texlive/texmf-dist/tex/xelatex/xepersian/report-xepersian.def
File: report-xepersian.def 2010/07/25 v0.2 adaptations for standard report class
)

Package fontspec Info: Font family 'lmroman10-regular(0)' created for font
(fontspec)             'lmroman10-regular' with options
(fontspec)             [Ligatures=TeX,Path,BoldFont={lmroman10-bold},BoldItalicFont={lmroman10-bolditalic},ItalicFont={lmroman10-italic},SmallCapsFont={lmromancaps10-regular},SlantedFont={lmromanslant10-regular},BoldSlantedFont={lmromanslant10-bold}].
(fontspec)              
(fontspec)              This font family consists of the following NFSS
(fontspec)             series/shapes:
(fontspec)              
(fontspec)             - 'normal' (m/n) with NFSS spec.:
(fontspec)             <->"[lmroman10-regular]/OT:script=latn;language=dflt;mapping=tex-text;"
(fontspec)             - 'small caps'  (m/sc) with NFSS spec.:
(fontspec)             <->"[lmromancaps10-regular]/OT:script=latn;language=dflt;mapping=tex-text;"
(fontspec)             - 'bold' (b/n) with NFSS spec.:
(fontspec)             <->"[lmroman10-bold]/OT:script=latn;language=dflt;mapping=tex-text;"
(fontspec)             - 'bold small caps'  (b/sc) with NFSS spec.:
(fontspec)             <->"[lmromancaps10-regular]/OT:script=latn;language=dflt;mapping=tex-text;"
(fontspec)             - 'italic' (m/it) with NFSS spec.:
(fontspec)             <->"[lmroman10-italic]/OT:script=latn;language=dflt;mapping=tex-text;"
(fontspec)             - 'italic small caps'  (m/scit) with NFSS spec.:
(fontspec)             <->"[lmromancaps10-regular]/OT:script=latn;language=dflt;mapping=tex-text;"
(fontspec)             - 'slanted' (m/sl) with NFSS spec.:
(fontspec)             <->"[lmromanslant10-regular]/OT:script=latn;language=dflt;mapping=tex-text;"
(fontspec)             - 'slanted small caps'  (m/scsl) with NFSS spec.:
(fontspec)             <->"[lmromancaps10-regular]/OT:script=latn;language=dflt;mapping=tex-text;"
(fontspec)             - 'bold italic' (b/it) with NFSS spec.:
(fontspec)             <->"[lmroman10-bolditalic]/OT:script=latn;language=dflt;mapping=tex-text;"
(fontspec)             - 'bold italic small caps'  (b/scit) with NFSS spec.:
(fontspec)             <->"[lmromancaps10-regular]/OT:script=latn;language=dflt;mapping=tex-text;"
(fontspec)             - 'bold slanted' (b/sl) with NFSS spec.:
(fontspec)             <->"[lmromanslant10-bold]/OT:script=latn;language=dflt;mapping=tex-text;"
(fontspec)             - 'bold slanted small caps'  (b/scsl) with NFSS spec.:
(fontspec)             <->"[lmromancaps10-regular]/OT:script=latn;language=dflt;mapping=tex-text;"

)

Package fontspec Info: Font family 'Yas.TTF(0)' created for font 'Yas.TTF'
(fontspec)             with options
(fontspec)             [Script=Persian,Ligatures=PersianTeX,BoldFont=Yas
(fontspec)             Bd.TTF].
(fontspec)              
(fontspec)              This font family consists of the following NFSS
(fontspec)             series/shapes:
(fontspec)              
(fontspec)             - 'normal' (m/n) with NFSS spec.:
(fontspec)             <->"[Yas.TTF]/OT:script=arab;language=dflt;mapping=persian-tex-text;"
(fontspec)             - 'small caps'  (m/sc) with NFSS spec.: 
(fontspec)             - 'bold' (b/n) with NFSS spec.: <->"[Yas
(fontspec)             Bd.TTF]/OT:script=arab;language=dflt;mapping=persian-tex-text;"
(fontspec)             - 'bold small caps'  (b/sc) with NFSS spec.: 

 (./report.aux (./part1.aux) (./part2.aux

LaTeX Warning: Label `fig:run_blast' multiply defined.

) (./part3.aux) (./part4.aux

LaTeX Warning: Label `tab:example' multiply defined.

))
\openout1 = `report.aux'.

LaTeX Font Info:    Checking defaults for OML/cmm/m/it on input line 66.
LaTeX Font Info:    ... okay on input line 66.
LaTeX Font Info:    Checking defaults for OMS/cmsy/m/n on input line 66.
LaTeX Font Info:    ... okay on input line 66.
LaTeX Font Info:    Checking defaults for OT1/cmr/m/n on input line 66.
LaTeX Font Info:    ... okay on input line 66.
LaTeX Font Info:    Checking defaults for T1/cmr/m/n on input line 66.
LaTeX Font Info:    ... okay on input line 66.
LaTeX Font Info:    Checking defaults for TS1/cmr/m/n on input line 66.
LaTeX Font Info:    Trying to load font information for TS1+cmr on input line 66.
 (/usr/share/texlive/texmf-dist/tex/latex/base/ts1cmr.fd
File: ts1cmr.fd 2019/12/16 v2.5j Standard LaTeX font definitions
)
LaTeX Font Info:    ... okay on input line 66.
LaTeX Font Info:    Checking defaults for TU/lmr/m/n on input line 66.
LaTeX Font Info:    ... okay on input line 66.
LaTeX Font Info:    Checking defaults for OMX/cmex/m/n on input line 66.
LaTeX Font Info:    ... okay on input line 66.
LaTeX Font Info:    Checking defaults for U/cmr/m/n on input line 66.
LaTeX Font Info:    ... okay on input line 66.
LaTeX Font Info:    Checking defaults for PD1/pdf/m/n on input line 66.
LaTeX Font Info:    ... okay on input line 66.
LaTeX Font Info:    Checking defaults for PU/pdf/m/n on input line 66.
LaTeX Font Info:    ... okay on input line 66.

*geometry* driver: auto-detecting
*geometry* detected driver: xetex
*geometry* verbose mode - [ preamble ] result:
* driver: xetex
* paper: <default>
* layout: <same size as paper>
* layoutoffset:(h,v)=(0.0pt,0.0pt)
* modes: includehead includefoot 
* h-part:(L,W,R)=(79.52545pt, 455.24408pt, 79.52547pt)
* v-part:(T,H,B)=(14.22636pt, 762.86613pt, 17.87749pt)
* \paperwidth=614.295pt
* \paperheight=794.96999pt
* \textwidth=455.24408pt
* \textheight=682.86613pt
* \oddsidemargin=7.25546pt
* \evensidemargin=7.25546pt
* \topmargin=-58.04362pt
* \headheight=40.0pt
* \headsep=10.0pt
* \topskip=11.0pt
* \footskip=30.0pt
* \marginparwidth=59.0pt
* \marginparsep=10.0pt
* \columnsep=10.0pt
* \skip\footins=10.0pt plus 4.0pt minus 2.0pt
* \hoffset=0.0pt
* \voffset=0.0pt
* \mag=1000
* \@twocolumnfalse
* \@twosidefalse
* \@mparswitchfalse
* \@reversemarginfalse
* (1in=72.27pt=25.4mm, 1cm=28.453pt)

Package hyperref Info: Link coloring OFF on input line 66.
(/usr/share/texlive/texmf-dist/tex/latex/hyperref/nameref.sty
Package: nameref 2021-04-02 v2.47 Cross-referencing by name of section
 (/usr/share/texlive/texmf-dist/tex/latex/refcount/refcount.sty
Package: refcount 2019/12/15 v3.6 Data extraction from label references (HO)
) (/usr/share/texlive/texmf-dist/tex/generic/gettitlestring/gettitlestring.sty
Package: gettitlestring 2019/12/15 v1.6 Cleanup title references (HO)
)
\c@section@level=\count384
)
LaTeX Info: Redefining \ref on input line 66.
LaTeX Info: Redefining \pageref on input line 66.
LaTeX Info: Redefining \nameref on input line 66.
 (./report.out) (./report.out)
\@outlinefile=\write3
\openout3 = `report.out'.

Package caption Info: Begin \AtBeginDocument code.
Package caption Info: float package is loaded.
Package caption Info: listings package is loaded.
Package caption Info: End \AtBeginDocument code.
\c@lstlisting=\count385
File: images/Logo.png Graphic file (type bmp)
<images/Logo.png>
LaTeX Font Info:    Trying to load font information for U+msa on input line 75.
 (/usr/share/texlive/texmf-dist/tex/latex/amsfonts/umsa.fd
File: umsa.fd 2013/01/14 v3.01 AMS symbols A
)
LaTeX Font Info:    Trying to load font information for U+msb on input line 75.
 (/usr/share/texlive/texmf-dist/tex/latex/amsfonts/umsb.fd
File: umsb.fd 2013/01/14 v3.01 AMS symbols B
) [1

]
*geometry* verbose mode - [ newgeometry ] result:
* driver: xetex
* paper: <default>
* layout: <same size as paper>
* layoutoffset:(h,v)=(0.0pt,0.0pt)
* modes: 
* h-part:(L,W,R)=(122.20459pt, 369.88582pt, 122.20459pt)
* v-part:(T,H,B)=(67.60373pt, 625.96062pt, 101.40564pt)
* \paperwidth=614.295pt
* \paperheight=794.96999pt
* \textwidth=369.88582pt
* \textheight=625.96062pt
* \oddsidemargin=49.9346pt
* \evensidemargin=49.9346pt
* \topmargin=-54.66626pt
* \headheight=40.0pt
* \headsep=10.0pt
* \topskip=11.0pt
* \footskip=30.0pt
* \marginparwidth=59.0pt
* \marginparsep=10.0pt
* \columnsep=10.0pt
* \skip\footins=10.0pt plus 4.0pt minus 2.0pt
* \hoffset=0.0pt
* \voffset=0.0pt
* \mag=1000
* \@twocolumnfalse
* \@twosidefalse
* \@mparswitchfalse
* \@reversemarginfalse
* (1in=72.27pt=25.4mm, 1cm=28.453pt)

 [1

]
\openout2 = `part1.aux'.

 (./part1.tex
بخش 1.
File: images/xylanase.jpg Graphic file (type bmp)
<images/xylanase.jpg>
[1



]
File: images/Logo.png Graphic file (type bmp)
<images/Logo.png>


Package fancyhdr Warning: \headheight is too small (40.0pt): 
(fancyhdr)                Make it at least 44.08003pt, for example:
(fancyhdr)                \setlength{\headheight}{44.08003pt}.
(fancyhdr)                You might also make \topmargin smaller to compensate:
(fancyhdr)                \addtolength{\topmargin}{-4.08003pt}.

[2])
File: images/Logo.png Graphic file (type bmp)
<images/Logo.png>


Package fancyhdr Warning: \headheight is too small (40.0pt): 
(fancyhdr)                Make it at least 44.08003pt, for example:
(fancyhdr)                \setlength{\headheight}{44.08003pt}.
(fancyhdr)                You might also make \topmargin smaller to compensate:
(fancyhdr)                \addtolength{\topmargin}{-4.08003pt}.

[3]
File: images/Logo.png Graphic file (type bmp)
<images/Logo.png>


Package fancyhdr Warning: \headheight is too small (40.0pt): 
(fancyhdr)                Make it at least 44.08003pt, for example:
(fancyhdr)                \setlength{\headheight}{44.08003pt}.
(fancyhdr)                You might also make \topmargin smaller to compensate:
(fancyhdr)                \addtolength{\topmargin}{-4.08003pt}.

[4]
\openout2 = `part2.aux'.

 (./part2.tex
بخش 2.
File: images/install_blast.jpg Graphic file (type bmp)
<images/install_blast.jpg>
[5




]
File: images/blast_database.png Graphic file (type bmp)
<images/blast_database.png>
File: images/run_blast.jpg Graphic file (type bmp)
<images/run_blast.jpg>

Overfull \hbox (6.97807pt too wide) in paragraph at lines 41--48
[]\TU/Yas.TTF(0)/m/n/10.95 این دستور فایل تولید شده در قسمت قبل و پایگاه داده را گرفته و فایل نتایج (blast_results.text) را با معیار شباهت(evalue)[]
 []

File: images/blast_result.jpg Graphic file (type bmp)
<images/blast_result.jpg>
File: images/Logo.png Graphic file (type bmp)
<images/Logo.png>

Package fancyhdr Warning: \headheight is too small (40.0pt): 
(fancyhdr)                Make it at least 44.08003pt, for example:
(fancyhdr)                \setlength{\headheight}{44.08003pt}.
(fancyhdr)                You might also make \topmargin smaller to compensate:
(fancyhdr)                \addtolength{\topmargin}{-4.08003pt}.

[6]
File: images/run_diamond.jpg Graphic file (type bmp)
<images/run_diamond.jpg>
File: images/step1_filter.jpg Graphic file (type bmp)
<images/step1_filter.jpg>
File: images/filtered_results.jpg Graphic file (type bmp)
<images/filtered_results.jpg>
File: images/Logo.png Graphic file (type bmp)
<images/Logo.png>


Package fancyhdr Warning: \headheight is too small (40.0pt): 
(fancyhdr)                Make it at least 44.08003pt, for example:
(fancyhdr)                \setlength{\headheight}{44.08003pt}.
(fancyhdr)                You might also make \topmargin smaller to compensate:
(fancyhdr)                \addtolength{\topmargin}{-4.08003pt}.

[7]
File: images/filtered_contigs.jpg Graphic file (type bmp)
<images/filtered_contigs.jpg>
File: images/step1_translate.jpg Graphic file (type bmp)
<images/step1_translate.jpg>
File: images/Logo.png Graphic file (type bmp)
<images/Logo.png>


Package fancyhdr Warning: \headheight is too small (40.0pt): 
(fancyhdr)                Make it at least 44.08003pt, for example:
(fancyhdr)                \setlength{\headheight}{44.08003pt}.
(fancyhdr)                You might also make \topmargin smaller to compensate:
(fancyhdr)                \addtolength{\topmargin}{-4.08003pt}.

[8]
File: images/step1_translate_terminal.jpg Graphic file (type bmp)
<images/step1_translate_terminal.jpg>
File: images/Logo.png Graphic file (type bmp)
<images/Logo.png>


Package fancyhdr Warning: \headheight is too small (40.0pt): 
(fancyhdr)                Make it at least 44.08003pt, for example:
(fancyhdr)                \setlength{\headheight}{44.08003pt}.
(fancyhdr)                You might also make \topmargin smaller to compensate:
(fancyhdr)                \addtolength{\topmargin}{-4.08003pt}.

[9]
File: images/dist_percent_identity.png Graphic file (type bmp)
<images/dist_percent_identity.png>
File: images/bitscore_evalue.png Graphic file (type bmp)
<images/bitscore_evalue.png>
File: images/Logo.png Graphic file (type bmp)
<images/Logo.png>


Package fancyhdr Warning: \headheight is too small (40.0pt): 
(fancyhdr)                Make it at least 44.08003pt, for example:
(fancyhdr)                \setlength{\headheight}{44.08003pt}.
(fancyhdr)                You might also make \topmargin smaller to compensate:
(fancyhdr)                \addtolength{\topmargin}{-4.08003pt}.

[10]
File: images/top_freq.png Graphic file (type bmp)
<images/top_freq.png>
File: images/Logo.png Graphic file (type bmp)
<images/Logo.png>


Package fancyhdr Warning: \headheight is too small (40.0pt): 
(fancyhdr)                Make it at least 44.08003pt, for example:
(fancyhdr)                \setlength{\headheight}{44.08003pt}.
(fancyhdr)                You might also make \topmargin smaller to compensate:
(fancyhdr)                \addtolength{\topmargin}{-4.08003pt}.

[11])
File: images/Logo.png Graphic file (type bmp)
<images/Logo.png>


Package fancyhdr Warning: \headheight is too small (40.0pt): 
(fancyhdr)                Make it at least 44.08003pt, for example:
(fancyhdr)                \setlength{\headheight}{44.08003pt}.
(fancyhdr)                You might also make \topmargin smaller to compensate:
(fancyhdr)                \addtolength{\topmargin}{-4.08003pt}.

[12]
\openout2 = `part3.aux'.

 (./part3.tex
بخش 3.
File: images/install_cd-hit.png Graphic file (type bmp)
<images/install_cd-hit.png>
[13




]
File: images/run_cd-hit.jpg Graphic file (type bmp)
<images/run_cd-hit.jpg>
File: images/print_top_clusters.jpg Graphic file (type bmp)
<images/print_top_clusters.jpg>
File: images/Logo.png Graphic file (type bmp)
<images/Logo.png>


Package fancyhdr Warning: \headheight is too small (40.0pt): 
(fancyhdr)                Make it at least 44.08003pt, for example:
(fancyhdr)                \setlength{\headheight}{44.08003pt}.
(fancyhdr)                You might also make \topmargin smaller to compensate:
(fancyhdr)                \addtolength{\topmargin}{-4.08003pt}.

[14]
File: images/select_representives.png Graphic file (type bmp)
<images/select_representives.png>
)
File: images/Logo.png Graphic file (type bmp)
<images/Logo.png>


Package fancyhdr Warning: \headheight is too small (40.0pt): 
(fancyhdr)                Make it at least 44.08003pt, for example:
(fancyhdr)                \setlength{\headheight}{44.08003pt}.
(fancyhdr)                You might also make \topmargin smaller to compensate:
(fancyhdr)                \addtolength{\topmargin}{-4.08003pt}.

[15]
\openout2 = `part4.aux'.

 (./part4.tex
بخش 4.
[16




]
File: images/Logo.png Graphic file (type bmp)
<images/Logo.png>


Package fancyhdr Warning: \headheight is too small (40.0pt): 
(fancyhdr)                Make it at least 44.08003pt, for example:
(fancyhdr)                \setlength{\headheight}{44.08003pt}.
(fancyhdr)                You might also make \topmargin smaller to compensate:
(fancyhdr)                \addtolength{\topmargin}{-4.08003pt}.

[17]
File: images/run_omega_clustal.png Graphic file (type bmp)
<images/run_omega_clustal.png>
File: images/Logo.png Graphic file (type bmp)
<images/Logo.png>


Package fancyhdr Warning: \headheight is too small (40.0pt): 
(fancyhdr)                Make it at least 44.08003pt, for example:
(fancyhdr)                \setlength{\headheight}{44.08003pt}.
(fancyhdr)                You might also make \topmargin smaller to compensate:
(fancyhdr)                \addtolength{\topmargin}{-4.08003pt}.

[18]
File: images/make_blast.png Graphic file (type bmp)
<images/make_blast.png>
File: images/run_psiblast.png Graphic file (type bmp)
<images/run_psiblast.png>

Missing character: There is no ، (U+060C) in font [lmroman10-regular]/OT:script=latn;language=dflt;mapping=tex-text;!
Missing character: There is no ، (U+060C) in font [lmroman10-regular]/OT:script=latn;language=dflt;mapping=tex-text;!
Missing character: There is no ، (U+060C) in font [lmroman10-regular]/OT:script=latn;language=dflt;mapping=tex-text;!
Missing character: There is no ، (U+060C) in font [lmroman10-regular]/OT:script=latn;language=dflt;mapping=tex-text;!
Missing character: There is no ، (U+060C) in font [lmroman10-regular]/OT:script=latn;language=dflt;mapping=tex-text;!
Missing character: There is no ، (U+060C) in font [lmroman10-regular]/OT:script=latn;language=dflt;mapping=tex-text;!
File: images/Logo.png Graphic file (type bmp)
<images/Logo.png>

Package fancyhdr Warning: \headheight is too small (40.0pt): 
(fancyhdr)                Make it at least 44.08003pt, for example:
(fancyhdr)                \setlength{\headheight}{44.08003pt}.
(fancyhdr)                You might also make \topmargin smaller to compensate:
(fancyhdr)                \addtolength{\topmargin}{-4.08003pt}.

[19]
File: images/pssm1.jpg Graphic file (type bmp)
<images/pssm1.jpg>
File: images/pssm2.jpg Graphic file (type bmp)
<images/pssm2.jpg>
File: images/Logo.png Graphic file (type bmp)
<images/Logo.png>


Package fancyhdr Warning: \headheight is too small (40.0pt): 
(fancyhdr)                Make it at least 44.08003pt, for example:
(fancyhdr)                \setlength{\headheight}{44.08003pt}.
(fancyhdr)                You might also make \topmargin smaller to compensate:
(fancyhdr)                \addtolength{\topmargin}{-4.08003pt}.

[20]
File: images/hmmbuild.png Graphic file (type bmp)
<images/hmmbuild.png>
File: images/hmmsearch.png Graphic file (type bmp)
<images/hmmsearch.png>
File: images/Logo.png Graphic file (type bmp)
<images/Logo.png>


Package fancyhdr Warning: \headheight is too small (40.0pt): 
(fancyhdr)                Make it at least 44.08003pt, for example:
(fancyhdr)                \setlength{\headheight}{44.08003pt}.
(fancyhdr)                You might also make \topmargin smaller to compensate:
(fancyhdr)                \addtolength{\topmargin}{-4.08003pt}.

[21]
File: images/Logo.png Graphic file (type bmp)
<images/Logo.png>


Package fancyhdr Warning: \headheight is too small (40.0pt): 
(fancyhdr)                Make it at least 44.08003pt, for example:
(fancyhdr)                \setlength{\headheight}{44.08003pt}.
(fancyhdr)                You might also make \topmargin smaller to compensate:
(fancyhdr)                \addtolength{\topmargin}{-4.08003pt}.

[22]
Underfull \hbox (badness 10000) in paragraph at lines 204--204
[][]\TU/Yas.TTF(0)/m/n/10.95 ويژگی[]
 []


Overfull \hbox (6.04938pt too wide) in paragraph at lines 210--210
[][]\TU/Yas.TTF(0)/m/n/10.95 مدل‌سازی[]
 []


Underfull \hbox (badness 10000) in paragraph at lines 212--212
[][]\TU/Yas.TTF(0)/m/n/10.95 زمان[]
 []


Overfull \hbox (5.95313pt too wide) in paragraph at lines 212--212
[]\TU/Yas.TTF(0)/m/n/10.95 محاسباتی| []
 []


Underfull \hbox (badness 10000) in paragraph at lines 214--214
[][]\TU/Yas.TTF(0)/m/n/10.95 انعطاف[]
 []

File: images/filtered_xylanase_hmm.txt .png Graphic file (type bmp)
<images/filtered_xylanase_hmm.txt .png>
File: images/Logo.png Graphic file (type bmp)
<images/Logo.png>

Package fancyhdr Warning: \headheight is too small (40.0pt): 
(fancyhdr)                Make it at least 44.08003pt, for example:
(fancyhdr)                \setlength{\headheight}{44.08003pt}.
(fancyhdr)                You might also make \topmargin smaller to compensate:
(fancyhdr)                \addtolength{\topmargin}{-4.08003pt}.

[23])
File: images/Logo.png Graphic file (type bmp)
<images/Logo.png>


Package fancyhdr Warning: \headheight is too small (40.0pt): 
(fancyhdr)                Make it at least 44.08003pt, for example:
(fancyhdr)                \setlength{\headheight}{44.08003pt}.
(fancyhdr)                You might also make \topmargin smaller to compensate:
(fancyhdr)                \addtolength{\topmargin}{-4.08003pt}.

[24] (./bibelography.tex
Missing character: There is no ب (U+0628) in font [lmroman10-regular]/OT:script=latn;language=dflt;mapping=tex-text;!
Missing character: There is no ر (U+0631) in font [lmroman10-regular]/OT:script=latn;language=dflt;mapping=tex-text;!
Missing character: There is no ا (U+0627) in font [lmroman10-regular]/OT:script=latn;language=dflt;mapping=tex-text;!
Missing character: There is no ی (U+06CC) in font [lmroman10-regular]/OT:script=latn;language=dflt;mapping=tex-text;!
Missing character: There is no د (U+062F) in font [lmroman10-regular]/OT:script=latn;language=dflt;mapping=tex-text;!
Missing character: There is no ی (U+06CC) in font [lmroman10-regular]/OT:script=latn;language=dflt;mapping=tex-text;!
Missing character: There is no ب (U+0628) in font [lmroman10-regular]/OT:script=latn;language=dflt;mapping=tex-text;!
Missing character: There is no ا (U+0627) in font [lmroman10-regular]/OT:script=latn;language=dflt;mapping=tex-text;!
Missing character: There is no گ (U+06AF) in font [lmroman10-regular]/OT:script=latn;language=dflt;mapping=tex-text;!
Missing character: There is no ک (U+06A9) in font [lmroman10-regular]/OT:script=latn;language=dflt;mapping=tex-text;!
Missing character: There is no ر (U+0631) in font [lmroman10-regular]/OT:script=latn;language=dflt;mapping=tex-text;!
Missing character: There is no د (U+062F) in font [lmroman10-regular]/OT:script=latn;language=dflt;mapping=tex-text;!
Missing character: There is no ن (U+0646) in font [lmroman10-regular]/OT:script=latn;language=dflt;mapping=tex-text;!
Missing character: There is no و (U+0648) in font [lmroman10-regular]/OT:script=latn;language=dflt;mapping=tex-text;!
Missing character: There is no ی (U+06CC) in font [lmroman10-regular]/OT:script=latn;language=dflt;mapping=tex-text;!
Missing character: There is no ا (U+0627) in font [lmroman10-regular]/OT:script=latn;language=dflt;mapping=tex-text;!
Missing character: There is no ف (U+0641) in font [lmroman10-regular]/OT:script=latn;language=dflt;mapping=tex-text;!
Missing character: There is no ت (U+062A) in font [lmroman10-regular]/OT:script=latn;language=dflt;mapping=tex-text;!
Missing character: There is no ن (U+0646) in font [lmroman10-regular]/OT:script=latn;language=dflt;mapping=tex-text;!
Missing character: There is no ت (U+062A) in font [lmroman10-regular]/OT:script=latn;language=dflt;mapping=tex-text;!
Missing character: There is no ع (U+0639) in font [lmroman10-regular]/OT:script=latn;language=dflt;mapping=tex-text;!
Missing character: There is no د (U+062F) in font [lmroman10-regular]/OT:script=latn;language=dflt;mapping=tex-text;!
Missing character: There is no ا (U+0627) in font [lmroman10-regular]/OT:script=latn;language=dflt;mapping=tex-text;!
Missing character: There is no د (U+062F) in font [lmroman10-regular]/OT:script=latn;language=dflt;mapping=tex-text;!
Missing character: There is no ی (U+06CC) in font [lmroman10-regular]/OT:script=latn;language=dflt;mapping=tex-text;!
Missing character: There is no ا (U+0627) in font [lmroman10-regular]/OT:script=latn;language=dflt;mapping=tex-text;!
Missing character: There is no ز (U+0632) in font [lmroman10-regular]/OT:script=latn;language=dflt;mapping=tex-text;!
Missing character: There is no د (U+062F) in font [lmroman10-regular]/OT:script=latn;language=dflt;mapping=tex-text;!
Missing character: There is no س (U+0633) in font [lmroman10-regular]/OT:script=latn;language=dflt;mapping=tex-text;!
Missing character: There is no ت (U+062A) in font [lmroman10-regular]/OT:script=latn;language=dflt;mapping=tex-text;!
Missing character: There is no و (U+0648) in font [lmroman10-regular]/OT:script=latn;language=dflt;mapping=tex-text;!
Missing character: There is no ر (U+0631) in font [lmroman10-regular]/OT:script=latn;language=dflt;mapping=tex-text;!
Missing character: There is no ا (U+0627) in font [lmroman10-regular]/OT:script=latn;language=dflt;mapping=tex-text;!
Missing character: There is no ت (U+062A) in font [lmroman10-regular]/OT:script=latn;language=dflt;mapping=tex-text;!
) [25



] (./report.aux (./part1.aux) (./part2.aux) (./part3.aux) (./part4.aux))

LaTeX Warning: There were multiply-defined labels.

Package rerunfilecheck Info: File `report.out' has not changed.
(rerunfilecheck)             Checksum: 12F2C111570ACDAC1CC68F639AC80A4E;6015.
 ) 
Here is how much of TeX's memory you used:
 19141 strings out of 476191
 374701 string characters out of 5812072
 806947 words of memory out of 5000000
 39454 multiletter control sequences out of 15000+600000
 481256 words of font info for 96 fonts, out of 8000000 for 9000
 1348 hyphenation exceptions out of 8191
 88i,13n,91p,2700b,589s stack positions out of 5000i,500n,10000p,200000b,80000s

Output written on report.xdv (27 pages, 453792 bytes).
